2026-03-09 09:12:09.569 [main] INFO  com.xpertcash.XpertcashApplication - Starting XpertcashApplication using Java 21.0.10 with PID 51866 (/Users/xpertpro/Desktop/XpertCashBack/target/classes started by xpertpro in /Users/xpertpro/Desktop/XpertCashBack)
2026-03-09 09:12:09.575 [main] DEBUG com.xpertcash.XpertcashApplication - Running with Spring Boot v3.4.2, Spring v6.2.2
2026-03-09 09:12:09.576 [main] INFO  com.xpertcash.XpertcashApplication - The following 1 profile is active: "dev"
2026-03-09 09:12:13.455 [main] DEBUG o.a.tomcat.util.compat.Jre22Compat - Class not found so assuming code is running on a pre-Java 22 JVM
java.lang.ClassNotFoundException: java.text.ListFormat
	at java.base/jdk.internal.loader.BuiltinClassLoader.loadClass(BuiltinClassLoader.java:641)
	at java.base/jdk.internal.loader.ClassLoaders$AppClassLoader.loadClass(ClassLoaders.java:188)
	at java.base/java.lang.ClassLoader.loadClass(ClassLoader.java:526)
	at java.base/java.lang.Class.forName0(Native Method)
	at java.base/java.lang.Class.forName(Class.java:423)
	at java.base/java.lang.Class.forName(Class.java:414)
	at org.apache.tomcat.util.compat.Jre22Compat.<clinit>(Jre22Compat.java:37)
	at org.apache.tomcat.util.compat.JreCompat.<clinit>(JreCompat.java:60)
	at org.apache.catalina.startup.Tomcat.<clinit>(Tomcat.java:1193)
	at org.springframework.boot.web.embedded.tomcat.TomcatServletWebServerFactory.getWebServer(TomcatServletWebServerFactory.java:203)
	at org.springframework.boot.web.servlet.context.ServletWebServerApplicationContext.createWebServer(ServletWebServerApplicationContext.java:188)
	at org.springframework.boot.web.servlet.context.ServletWebServerApplicationContext.onRefresh(ServletWebServerApplicationContext.java:162)
	at org.springframework.context.support.AbstractApplicationContext.refresh(AbstractApplicationContext.java:621)
	at org.springframework.boot.web.servlet.context.ServletWebServerApplicationContext.refresh(ServletWebServerApplicationContext.java:146)
	at org.springframework.boot.SpringApplication.refresh(SpringApplication.java:752)
	at org.springframework.boot.SpringApplication.refreshContext(SpringApplication.java:439)
	at org.springframework.boot.SpringApplication.run(SpringApplication.java:318)
	at org.springframework.boot.SpringApplication.run(SpringApplication.java:1361)
	at org.springframework.boot.SpringApplication.run(SpringApplication.java:1350)
	at com.xpertcash.XpertcashApplication.main(XpertcashApplication.java:12)
2026-03-09 09:12:36.143 [main] DEBUG o.s.w.s.m.m.a.RequestMappingHandlerMapping - 245 mappings in 'requestMappingHandlerMapping'
2026-03-09 09:12:36.298 [main] DEBUG o.s.w.s.h.SimpleUrlHandlerMapping - Patterns [/webjars/**, /**] in 'resourceHandlerMapping'
2026-03-09 09:12:36.546 [main] DEBUG o.s.w.s.m.m.a.RequestMappingHandlerAdapter - ControllerAdvice beans: 0 @ModelAttribute, 0 @InitBinder, 1 RequestBodyAdvice, 1 ResponseBodyAdvice
2026-03-09 09:12:36.637 [main] DEBUG o.s.w.s.m.m.a.ExceptionHandlerExceptionResolver - ControllerAdvice beans: 3 @ExceptionHandler, 1 ResponseBodyAdvice
2026-03-09 09:12:37.172 [main] INFO  com.xpertcash.XpertcashApplication - Started XpertcashApplication in 28.566 seconds (process running for 29.309)
